-encoding
UTF-8
-outxml
-source
1.8
-target
1.8
-classpath
/home/acm/.m2/repository/antlr/antlr/2.7.7/antlr-2.7.7.jar:/home/acm/.m2/repository/aopalliance/aopalliance/1.0/aopalliance-1.0.jar:/home/acm/.m2/repository/asm/asm/3.3.1/asm-3.3.1.jar:/home/acm/.m2/repository/cglib/cglib/2.2.2/cglib-2.2.2.jar:/home/acm/.m2/repository/cglib/cglib-nodep/3.1/cglib-nodep-3.1.jar:/home/acm/.m2/repository/cglib/cglib-nodep/3.1/cglib-nodep-3.1.jar:/home/acm/.m2/repository/com/fasterxml/classmate/1.3.0/classmate-1.3.0.jar:/home/acm/.m2/repository/com/fasterxml/jackson/core/jackson-annotations/2.9.0/jackson-annotations-2.9.0.jar:/home/acm/.m2/repository/com/fasterxml/jackson/core/jackson-core/2.9.2/jackson-core-2.9.2.jar:/home/acm/.m2/repository/com/fasterxml/jackson/core/jackson-databind/2.9.2/jackson-databind-2.9.2.jar:/home/acm/.m2/repository/com/fasterxml/jackson/datatype/jackson-datatype-jsr310/2.9.2/jackson-datatype-jsr310-2.9.2.jar:/home/acm/.m2/repository/com/github/scribejava/scribejava-apis/4.1.1/scribejava-apis-4.1.1.jar:/home/acm/.m2/repository/com/github/scribejava/scribejava-core/4.1.1/scribejava-core-4.1.1.jar:/home/acm/.m2/repository/com/google/code/geocoder-java/geocoder-java/0.16/geocoder-java-0.16.jar:/home/acm/.m2/repository/com/google/code/gson/gson/2.8.1/gson-2.8.1.jar:/home/acm/.m2/repository/com/sun/el/el-ri/1.0/el-ri-1.0.jar:/home/acm/.m2/repository/com/sun/xml/bind/jaxb-core/2.2.11/jaxb-core-2.2.11.jar:/home/acm/.m2/repository/com/sun/xml/bind/jaxb-impl/2.2.11/jaxb-impl-2.2.11.jar:/home/acm/.m2/repository/com/thetransactioncompany/cors-filter/2.5/cors-filter-2.5.jar:/home/acm/.m2/repository/com/thetransactioncompany/java-property-utils/1.9.1/java-property-utils-1.9.1.jar:/home/acm/.m2/repository/commons-beanutils/commons-beanutils/1.8.3/commons-beanutils-1.8.3.jar:/home/acm/.m2/repository/commons-codec/commons-codec/1.5/commons-codec-1.5.jar:/home/acm/.m2/repository/commons-digester/commons-digester/2.1/commons-digester-2.1.jar:/home/acm/.m2/repository/commons-fileupload/commons-fileupload/1.2.2/commons-fileupload-1.2.2.jar:/home/acm/.m2/repository/commons-httpclient/commons-httpclient/3.1/commons-httpclient-3.1.jar:/home/acm/.m2/repository/commons-io/commons-io/2.5/commons-io-2.5.jar:/home/acm/.m2/repository/commons-logging/commons-logging/1.0.4/commons-logging-1.0.4.jar:/home/acm/.m2/repository/dom4j/dom4j/1.6.1/dom4j-1.6.1.jar:/home/acm/.m2/repository/javax/activation/activation/1.1.1/activation-1.1.1.jar:/home/acm/.m2/repository/javax/el/el-api/2.2/el-api-2.2.jar:/home/acm/.m2/repository/javax/el/el-api/2.2/el-api-2.2.jar:/home/acm/.m2/repository/javax/mail/mail/1.4.7/mail-1.4.7.jar:/home/acm/.m2/repository/javax/servlet/javax.servlet-api/3.1.0/javax.servlet-api-3.1.0.jar:/home/acm/.m2/repository/javax/servlet/servlet-api/2.5/servlet-api-2.5.jar:/home/acm/.m2/repository/javax/servlet/jsp/javax.servlet.jsp-api/2.3.1/javax.servlet.jsp-api-2.3.1.jar:/home/acm/.m2/repository/javax/servlet/jsp/javax.servlet.jsp-api/2.3.1/javax.servlet.jsp-api-2.3.1.jar:/home/acm/.m2/repository/javax/servlet/jsp/jsp-api/2.1/jsp-api-2.1.jar:/home/acm/.m2/repository/javax/servlet/jsp/jstl/javax.servlet.jsp.jstl-api/1.2.1/javax.servlet.jsp.jstl-api-1.2.1.jar:/home/acm/.m2/repository/javax/servlet/jsp/jstl/javax.servlet.jsp.jstl-api/1.2.1/javax.servlet.jsp.jstl-api-1.2.1.jar:/home/acm/.m2/repository/javax/servlet/jsp/jstl/jstl-api/1.2/jstl-api-1.2.jar:/home/acm/.m2/repository/javax/transaction/jta/1.1/jta-1.1.jar:/home/acm/.m2/repository/javax/transaction/jta/1.1/jta-1.1.jar:/home/acm/.m2/repository/javax/validation/validation-api/1.1.0.Final/validation-api-1.1.0.Final.jar:/home/acm/.m2/repository/javax/validation/validation-api/1.1.0.Final/validation-api-1.1.0.Final.jar:/home/acm/.m2/repository/javax/xml/jaxrpc-api/1.1/jaxrpc-api-1.1.jar:/home/acm/.m2/repository/javax/xml/bind/jaxb-api/2.2.11/jaxb-api-2.2.11.jar:/home/acm/.m2/repository/junit/junit/4.11/junit-4.11.jar:/home/acm/.m2/repository/log4j/log4j/1.2.17/log4j-1.2.17.jar:/home/acm/.m2/repository/net/sf/flexjson/flexjson/3.3/flexjson-3.3.jar:/home/acm/.m2/repository/org/apache/axis/axis/1.4/axis-1.4.jar:/home/acm/.m2/repository/org/apache/axis/axis-ant/1.4/axis-ant-1.4.jar:/home/acm/.m2/repository/org/apache/commons/commons-dbcp2/2.0.1/commons-dbcp2-2.0.1.jar:/home/acm/.m2/repository/org/apache/commons/commons-dbcp2/2.0.1/commons-dbcp2-2.0.1.jar:/home/acm/.m2/repository/org/apache/commons/commons-digester3/3.2/commons-digester3-3.2.jar:/home/acm/.m2/repository/org/apache/commons/commons-digester3/3.2/commons-digester3-3.2.jar:/home/acm/.m2/repository/org/apache/commons/commons-lang3/3.0/commons-lang3-3.0.jar:/home/acm/.m2/repository/org/apache/commons/commons-pool2/2.2/commons-pool2-2.2.jar:/home/acm/.m2/repository/org/apache/geronimo/specs/geronimo-jta_1.1_spec/1.1.1/geronimo-jta_1.1_spec-1.1.1.jar:/home/acm/.m2/repository/org/apache/lucene/lucene-analyzers-common/5.5.4/lucene-analyzers-common-5.5.4.jar:/home/acm/.m2/repository/org/apache/lucene/lucene-core/5.5.4/lucene-core-5.5.4.jar:/home/acm/.m2/repository/org/apache/lucene/lucene-facet/5.5.4/lucene-facet-5.5.4.jar:/home/acm/.m2/repository/org/apache/lucene/lucene-misc/5.5.4/lucene-misc-5.5.4.jar:/home/acm/.m2/repository/org/apache/lucene/lucene-queries/5.5.4/lucene-queries-5.5.4.jar:/home/acm/.m2/repository/org/apache/tiles/tiles-api/3.0.7/tiles-api-3.0.7.jar:/home/acm/.m2/repository/org/apache/tiles/tiles-autotag-core-runtime/1.2/tiles-autotag-core-runtime-1.2.jar:/home/acm/.m2/repository/org/apache/tiles/tiles-core/3.0.7/tiles-core-3.0.7.jar:/home/acm/.m2/repository/org/apache/tiles/tiles-core/3.0.7/tiles-core-3.0.7.jar:/home/acm/.m2/repository/org/apache/tiles/tiles-jsp/3.0.7/tiles-jsp-3.0.7.jar:/home/acm/.m2/repository/org/apache/tiles/tiles-request-api/1.0.6/tiles-request-api-1.0.6.jar:/home/acm/.m2/repository/org/apache/tiles/tiles-request-jsp/1.0.6/tiles-request-jsp-1.0.6.jar:/home/acm/.m2/repository/org/apache/tiles/tiles-request-servlet/1.0.6/tiles-request-servlet-1.0.6.jar:/home/acm/.m2/repository/org/apache/tiles/tiles-servlet/3.0.7/tiles-servlet-3.0.7.jar:/home/acm/.m2/repository/org/apache/tiles/tiles-template/3.0.7/tiles-template-3.0.7.jar:/home/acm/.m2/repository/org/aspectj/aspectjrt/1.8.10/aspectjrt-1.8.10.jar:/home/acm/.m2/repository/org/aspectj/aspectjweaver/1.8.10/aspectjweaver-1.8.10.jar:/home/acm/.m2/repository/org/codehaus/jackson/jackson-core-asl/1.9.13/jackson-core-asl-1.9.13.jar:/home/acm/.m2/repository/org/codehaus/jackson/jackson-mapper-asl/1.9.13/jackson-mapper-asl-1.9.13.jar:/home/acm/.m2/repository/org/glassfish/web/jstl-impl/1.2/jstl-impl-1.2.jar:/home/acm/.m2/repository/org/glassfish/web/jstl-impl/1.2/jstl-impl-1.2.jar:/home/acm/.m2/repository/org/hibernate/hibernate-core/5.1.10.Final/hibernate-core-5.1.10.Final.jar:/home/acm/.m2/repository/org/hibernate/hibernate-core/5.1.10.Final/hibernate-core-5.1.10.Final.jar:/home/acm/.m2/repository/org/hibernate/hibernate-entitymanager/5.1.10.Final/hibernate-entitymanager-5.1.10.Final.jar:/home/acm/.m2/repository/org/hibernate/hibernate-entitymanager/5.1.10.Final/hibernate-entitymanager-5.1.10.Final.jar:/home/acm/.m2/repository/org/hibernate/hibernate-envers/5.1.10.Final/hibernate-envers-5.1.10.Final.jar:/home/acm/.m2/repository/org/hibernate/hibernate-java8/5.1.10.Final/hibernate-java8-5.1.10.Final.jar:/home/acm/.m2/repository/org/hibernate/hibernate-java8/5.1.10.Final/hibernate-java8-5.1.10.Final.jar:/home/acm/.m2/repository/org/hibernate/hibernate-search-engine/5.6.3.Final/hibernate-search-engine-5.6.3.Final.jar:/home/acm/.m2/repository/org/hibernate/hibernate-search-orm/5.6.3.Final/hibernate-search-orm-5.6.3.Final.jar:/home/acm/.m2/repository/org/hibernate/hibernate-validator/5.1.3.Final/hibernate-validator-5.1.3.Final.jar:/home/acm/.m2/repository/org/hibernate/common/hibernate-commons-annotations/5.0.1.Final/hibernate-commons-annotations-5.0.1.Final.jar:/home/acm/.m2/repository/org/hibernate/javax/persistence/hibernate-jpa-2.1-api/1.0.0.Final/hibernate-jpa-2.1-api-1.0.0.Final.jar:/home/acm/.m2/repository/org/imgscalr/imgscalr-lib/4.2/imgscalr-lib-4.2.jar:/home/acm/.m2/repository/org/jasypt/jasypt/1.9.2/jasypt-1.9.2.jar:/home/acm/.m2/repository/org/jasypt/jasypt-hibernate4/1.9.2/jasypt-hibernate4-1.9.2.jar:/home/acm/.m2/repository/org/javassist/javassist/3.20.0-GA/javassist-3.20.0-GA.jar:/home/acm/.m2/repository/org/jboss/jandex/2.0.3.Final/jandex-2.0.3.Final.jar:/home/acm/.m2/repository/org/jboss/logging/jboss-logging/3.3.0.Final/jboss-logging-3.3.0.Final.jar:/home/acm/.m2/repository/org/postgresql/postgresql/42.1.1/postgresql-42.1.1.jar:/home/acm/.m2/repository/org/postgresql/postgresql/42.1.1/postgresql-42.1.1.jar:/home/acm/.m2/repository/org/slf4j/jcl-over-slf4j/1.7.23/jcl-over-slf4j-1.7.23.jar:/home/acm/.m2/repository/org/slf4j/slf4j-api/1.7.23/slf4j-api-1.7.23.jar:/home/acm/.m2/repository/org/slf4j/slf4j-log4j12/1.7.23/slf4j-log4j12-1.7.23.jar:/home/acm/.m2/repository/org/springframework/spring-aop/5.0.0.RC3/spring-aop-5.0.0.RC3.jar:/home/acm/.m2/repository/org/springframework/spring-aspects/5.0.0.RC3/spring-aspects-5.0.0.RC3.jar:/home/acm/.m2/repository/org/springframework/spring-beans/5.0.0.RC3/spring-beans-5.0.0.RC3.jar:/home/acm/.m2/repository/org/springframework/spring-context/5.0.0.RC3/spring-context-5.0.0.RC3.jar:/home/acm/.m2/repository/org/springframework/spring-context-support/5.0.0.RC3/spring-context-support-5.0.0.RC3.jar:/home/acm/.m2/repository/org/springframework/spring-core/5.0.0.RC3/spring-core-5.0.0.RC3.jar:/home/acm/.m2/repository/org/springframework/spring-expression/5.0.0.RC3/spring-expression-5.0.0.RC3.jar:/home/acm/.m2/repository/org/springframework/spring-jcl/5.0.0.RC3/spring-jcl-5.0.0.RC3.jar:/home/acm/.m2/repository/org/springframework/spring-jdbc/5.0.0.RC3/spring-jdbc-5.0.0.RC3.jar:/home/acm/.m2/repository/org/springframework/spring-jdbc/5.0.0.RC3/spring-jdbc-5.0.0.RC3.jar:/home/acm/.m2/repository/org/springframework/spring-orm/5.0.0.RC3/spring-orm-5.0.0.RC3.jar:/home/acm/.m2/repository/org/springframework/spring-orm/5.0.0.RC3/spring-orm-5.0.0.RC3.jar:/home/acm/.m2/repository/org/springframework/spring-test/5.0.0.RC3/spring-test-5.0.0.RC3.jar:/home/acm/.m2/repository/org/springframework/spring-tx/5.0.0.RC3/spring-tx-5.0.0.RC3.jar:/home/acm/.m2/repository/org/springframework/spring-web/5.0.0.RC3/spring-web-5.0.0.RC3.jar:/home/acm/.m2/repository/org/springframework/spring-web/5.0.0.RC3/spring-web-5.0.0.RC3.jar:/home/acm/.m2/repository/org/springframework/spring-webmvc/5.0.0.RC3/spring-webmvc-5.0.0.RC3.jar:/home/acm/.m2/repository/org/springframework/spring-webmvc/5.0.0.RC3/spring-webmvc-5.0.0.RC3.jar:/home/acm/.m2/repository/org/springframework/roo/org.springframework.roo.annotations/1.3.2.RELEASE/org.springframework.roo.annotations-1.3.2.RELEASE.jar:/home/acm/.m2/repository/org/springframework/security/spring-security-acl/5.0.0.M3/spring-security-acl-5.0.0.M3.jar:/home/acm/.m2/repository/org/springframework/security/spring-security-config/5.0.0.M3/spring-security-config-5.0.0.M3.jar:/home/acm/.m2/repository/org/springframework/security/spring-security-config/5.0.0.M3/spring-security-config-5.0.0.M3.jar:/home/acm/.m2/repository/org/springframework/security/spring-security-core/5.0.0.M3/spring-security-core-5.0.0.M3.jar:/home/acm/.m2/repository/org/springframework/security/spring-security-core/5.0.0.M3/spring-security-core-5.0.0.M3.jar:/home/acm/.m2/repository/org/springframework/security/spring-security-taglibs/5.0.0.M3/spring-security-taglibs-5.0.0.M3.jar:/home/acm/.m2/repository/org/springframework/security/spring-security-taglibs/5.0.0.M3/spring-security-taglibs-5.0.0.M3.jar:/home/acm/.m2/repository/org/springframework/security/spring-security-web/5.0.0.M3/spring-security-web-5.0.0.M3.jar:/home/acm/.m2/repository/org/springframework/security/spring-security-web/5.0.0.M3/spring-security-web-5.0.0.M3.jar:/home/acm/.m2/repository/org/springframework/security/oauth/spring-security-oauth2/2.2.0.RELEASE/spring-security-oauth2-2.2.0.RELEASE.jar:/home/acm/.m2/repository/org/springframework/webflow/spring-js-resources/2.2.1.RELEASE/spring-js-resources-2.2.1.RELEASE.jar:/home/acm/.m2/repository/xml-apis/xml-apis/1.0.b2/xml-apis-1.0.b2.jar:/home/acm/FlintEatsServer/target/classes
-aspectpath
/home/acm/.m2/repository/org/springframework/spring-aspects/5.0.0.RC3/spring-aspects-5.0.0.RC3.jar
-d
/home/acm/FlintEatsServer/target/classes
/home/acm/FlintEatsServer/src/main/java/com/etshost/msu/entity/UGC.java
/home/acm/FlintEatsServer/src/main/java/com/etshost/msu/entity/PasswordResetToken_Roo_Finder.aj
/home/acm/FlintEatsServer/src/main/java/com/etshost/msu/auth/CustomBasicAuthenticationEntryPoint.java
/home/acm/FlintEatsServer/src/main/java/com/etshost/msu/entity/Recipe_Roo_ToString.aj
/home/acm/FlintEatsServer/src/main/java/com/etshost/msu/entity/Role_Roo_JavaBean.aj
/home/acm/FlintEatsServer/src/main/java/com/etshost/msu/entity/Market_Roo_JavaBean.aj
/home/acm/FlintEatsServer/src/main/java/com/etshost/msu/entity/Reaction_Roo_Jpa_ActiveRecord.aj
/home/acm/FlintEatsServer/src/main/java/com/etshost/msu/entity/Food_Roo_Jpa_ActiveRecord.aj
/home/acm/FlintEatsServer/src/main/java/com/etshost/msu/entity/NotificationFrequency.java
/home/acm/FlintEatsServer/src/main/java/com/etshost/msu/web/ReactionController.java
/home/acm/FlintEatsServer/src/main/java/com/etshost/msu/entity/ReactionPk.java
/home/acm/FlintEatsServer/src/main/java/com/etshost/msu/auth/Response.java
/home/acm/FlintEatsServer/src/main/java/com/etshost/msu/entity/Food.java
/home/acm/FlintEatsServer/src/main/java/com/etshost/msu/web/BadgeController.java
/home/acm/FlintEatsServer/src/main/java/com/etshost/msu/web/PolicyController.java
/home/acm/FlintEatsServer/src/main/java/com/etshost/msu/entity/Badge_Roo_JavaBean.aj
/home/acm/FlintEatsServer/src/main/java/com/etshost/msu/entity/Policy.java
/home/acm/FlintEatsServer/src/main/java/com/etshost/msu/entity/Review_Roo_ToString.aj
/home/acm/FlintEatsServer/src/main/java/com/etshost/msu/entity/Policy_Roo_Jpa_Entity.aj
/home/acm/FlintEatsServer/src/main/java/com/etshost/msu/web/TagController.java
/home/acm/FlintEatsServer/src/main/java/com/etshost/msu/entity/Viewing.java
/home/acm/FlintEatsServer/src/main/java/com/etshost/msu/entity/Policy_Roo_ToString.aj
/home/acm/FlintEatsServer/src/main/java/com/etshost/msu/bean/UserDetailsServiceImpl.java
/home/acm/FlintEatsServer/src/main/java/com/etshost/msu/entity/Preference_Roo_Finder.aj
/home/acm/FlintEatsServer/src/main/java/com/etshost/msu/entity/PasswordResetToken_Roo_Jpa_ActiveRecord.aj
/home/acm/FlintEatsServer/src/main/java/com/etshost/msu/entity/Entity_Roo_Json.aj
/home/acm/FlintEatsServer/src/main/java/com/etshost/msu/entity/Preference_Roo_Jpa_ActiveRecord.aj
/home/acm/FlintEatsServer/src/main/java/com/etshost/msu/entity/Role.java
/home/acm/FlintEatsServer/src/main/java/com/etshost/msu/entity/Comment_Roo_ToString.aj
/home/acm/FlintEatsServer/src/main/java/com/etshost/msu/entity/Comment_Roo_Finder.aj
/home/acm/FlintEatsServer/src/main/java/com/etshost/msu/entity/FoodProperty_Roo_JavaBean.aj
/home/acm/FlintEatsServer/src/main/java/com/etshost/msu/web/UGCController.java
/home/acm/FlintEatsServer/src/main/java/com/etshost/msu/auth/AuthController.java
/home/acm/FlintEatsServer/src/main/java/com/etshost/msu/entity/UGC_Roo_Finder.aj
/home/acm/FlintEatsServer/src/main/java/com/etshost/msu/entity/Deal_Roo_JavaBean.aj
/home/acm/FlintEatsServer/src/main/java/com/etshost/msu/entity/Tag_Roo_JavaBean.aj
/home/acm/FlintEatsServer/src/main/java/com/etshost/msu/entity/Badge_Roo_Json.aj
/home/acm/FlintEatsServer/src/main/java/com/etshost/msu/entity/ReviewProperty.java
/home/acm/FlintEatsServer/src/main/java/com/etshost/msu/entity/PasswordResetToken_Roo_Configurable.aj
/home/acm/FlintEatsServer/src/main/java/com/etshost/msu/entity/Reaction_Roo_Json.aj
/home/acm/FlintEatsServer/src/main/java/com/etshost/msu/entity/PasswordResetToken_Roo_Json.aj
/home/acm/FlintEatsServer/src/main/java/com/etshost/msu/entity/Tip.java
/home/acm/FlintEatsServer/src/main/java/com/etshost/msu/entity/Recipe_Roo_JavaBean.aj
/home/acm/FlintEatsServer/src/main/java/com/etshost/msu/entity/Viewing_Roo_Finder.aj
/home/acm/FlintEatsServer/src/main/java/com/etshost/msu/entity/Food_Roo_ToString.aj
/home/acm/FlintEatsServer/src/main/java/com/etshost/msu/entity/UGC_Roo_JavaBean.aj
/home/acm/FlintEatsServer/src/main/java/com/etshost/msu/bean/IpAuthProvider.java
/home/acm/FlintEatsServer/src/main/java/com/etshost/msu/entity/AuthenticationRecord_Roo_Jpa_ActiveRecord.aj
/home/acm/FlintEatsServer/src/main/java/com/etshost/msu/entity/User_Roo_JavaBean.aj
/home/acm/FlintEatsServer/src/main/java/com/etshost/msu/entity/AuthenticationRecord_Roo_ToString.aj
/home/acm/FlintEatsServer/src/main/java/com/etshost/msu/entity/Recipe_Roo_Json.aj
/home/acm/FlintEatsServer/src/main/java/com/etshost/msu/web/ViewingController.java
/home/acm/FlintEatsServer/src/main/java/com/etshost/msu/entity/Status.java
/home/acm/FlintEatsServer/src/main/java/com/etshost/msu/entity/Food_Roo_Json.aj
/home/acm/FlintEatsServer/src/main/java/com/etshost/msu/web/FoodController.java
/home/acm/FlintEatsServer/src/main/java/com/etshost/msu/entity/Tag.java
/home/acm/FlintEatsServer/src/main/java/com/etshost/msu/entity/Entity_Roo_JavaBean.aj
/home/acm/FlintEatsServer/src/main/java/com/etshost/msu/entity/Badge.java
/home/acm/FlintEatsServer/src/main/java/com/etshost/msu/entity/FoodProperty_Roo_Jpa_ActiveRecord.aj
/home/acm/FlintEatsServer/src/main/java/com/etshost/msu/entity/Badge_Roo_ToString.aj
/home/acm/FlintEatsServer/src/main/java/com/etshost/msu/entity/FoodProperty.java
/home/acm/FlintEatsServer/src/main/java/com/etshost/msu/entity/PasswordResetToken_Roo_JavaBean.aj
/home/acm/FlintEatsServer/src/main/java/com/etshost/msu/entity/ReviewProperty_Roo_Json.aj
/home/acm/FlintEatsServer/src/main/java/com/etshost/msu/entity/User_Roo_Jpa_ActiveRecord.aj
/home/acm/FlintEatsServer/src/main/java/com/etshost/msu/web/RecipeController.java
/home/acm/FlintEatsServer/src/main/java/com/etshost/msu/entity/Market.java
/home/acm/FlintEatsServer/src/main/java/com/etshost/msu/web/PreferenceController.java
/home/acm/FlintEatsServer/src/main/java/com/etshost/msu/entity/Comment_Roo_Jpa_ActiveRecord.aj
/home/acm/FlintEatsServer/src/main/java/com/etshost/msu/entity/Recipe_Roo_Jpa_ActiveRecord.aj
/home/acm/FlintEatsServer/src/main/java/com/etshost/msu/web/AuthenticationRecordController.java
/home/acm/FlintEatsServer/src/main/java/com/etshost/msu/entity/Preference_Roo_ToString.aj
/home/acm/FlintEatsServer/src/main/java/com/etshost/msu/entity/Recipe.java
/home/acm/FlintEatsServer/src/main/java/com/etshost/msu/entity/Reaction_Roo_Finder.aj
/home/acm/FlintEatsServer/src/main/java/com/etshost/msu/entity/Reaction.java
/home/acm/FlintEatsServer/src/main/java/com/etshost/msu/entity/Tag_Roo_Jpa_ActiveRecord.aj
/home/acm/FlintEatsServer/src/main/java/com/etshost/msu/entity/UGC_Roo_Jpa_ActiveRecord.aj
/home/acm/FlintEatsServer/src/main/java/com/etshost/msu/entity/Policy_Roo_JavaBean.aj
/home/acm/FlintEatsServer/src/main/java/com/etshost/msu/entity/ReviewProperty_Roo_ToString.aj
/home/acm/FlintEatsServer/src/main/java/com/etshost/msu/entity/Role_Roo_Json.aj
/home/acm/FlintEatsServer/src/main/java/com/etshost/msu/web/FoodPropertyController.java
/home/acm/FlintEatsServer/src/main/java/com/etshost/msu/entity/ViewingPk.java
/home/acm/FlintEatsServer/src/main/java/com/etshost/msu/entity/Review.java
/home/acm/FlintEatsServer/src/main/java/com/etshost/msu/entity/Food_Roo_JavaBean.aj
/home/acm/FlintEatsServer/src/main/java/com/etshost/msu/entity/Deal_Roo_Json.aj
/home/acm/FlintEatsServer/src/main/java/com/etshost/msu/entity/Entity.java
/home/acm/FlintEatsServer/src/main/java/com/etshost/msu/entity/Tip_Roo_ToString.aj
/home/acm/FlintEatsServer/src/main/java/com/etshost/msu/entity/AuthenticationRecord.java
/home/acm/FlintEatsServer/src/main/java/com/etshost/msu/entity/User_Roo_ToString.aj
/home/acm/FlintEatsServer/src/main/java/com/etshost/msu/entity/AuthenticationRecord_Roo_JavaBean.aj
/home/acm/FlintEatsServer/src/main/java/com/etshost/msu/entity/Viewing_Roo_Jpa_Entity.aj
/home/acm/FlintEatsServer/src/main/java/com/etshost/msu/entity/Viewing_Roo_ToString.aj
/home/acm/FlintEatsServer/src/main/java/com/etshost/msu/auth/OAuthProvider.java
/home/acm/FlintEatsServer/src/main/java/com/etshost/msu/entity/Tip_Roo_Finder.aj
/home/acm/FlintEatsServer/src/main/java/com/etshost/msu/web/TipController.java
/home/acm/FlintEatsServer/src/main/java/com/etshost/msu/entity/Reaction_Roo_ToString.aj
/home/acm/FlintEatsServer/src/main/java/com/etshost/msu/auth/OAuthController.java
/home/acm/FlintEatsServer/src/main/java/com/etshost/msu/entity/Market_Roo_Finder.aj
/home/acm/FlintEatsServer/src/main/java/com/etshost/msu/bean/ApplicationConversionServiceFactoryBean.java
/home/acm/FlintEatsServer/src/main/java/com/etshost/msu/web/MarketController.java
/home/acm/FlintEatsServer/src/main/java/com/etshost/msu/entity/Entity_Roo_Jpa_ActiveRecord.aj
/home/acm/FlintEatsServer/src/main/java/com/etshost/msu/entity/Policy_Roo_Json.aj
/home/acm/FlintEatsServer/src/main/java/com/etshost/msu/entity/User.java
/home/acm/FlintEatsServer/src/main/java/com/etshost/msu/entity/Review_Roo_Json.aj
/home/acm/FlintEatsServer/src/main/java/com/etshost/msu/web/PasswordResetTokenController.java
/home/acm/FlintEatsServer/src/main/java/com/etshost/msu/entity/Comment_Roo_Json.aj
/home/acm/FlintEatsServer/src/main/java/com/etshost/msu/entity/Role_Roo_ToString.aj
/home/acm/FlintEatsServer/src/main/java/com/etshost/msu/entity/Role_Roo_Finder.aj
/home/acm/FlintEatsServer/src/main/java/com/etshost/msu/entity/Badge_Roo_Jpa_ActiveRecord.aj
/home/acm/FlintEatsServer/src/main/java/com/etshost/msu/entity/Preference.java
/home/acm/FlintEatsServer/src/main/java/com/etshost/msu/entity/User_Roo_Finder.aj
/home/acm/FlintEatsServer/src/main/java/com/etshost/msu/entity/Review_Roo_Jpa_ActiveRecord.aj
/home/acm/FlintEatsServer/src/main/java/com/etshost/msu/entity/PasswordResetToken.java
/home/acm/FlintEatsServer/src/main/java/com/etshost/msu/entity/Comment.java
/home/acm/FlintEatsServer/src/main/java/com/etshost/msu/bean/AuthFailureListener.java
/home/acm/FlintEatsServer/src/main/java/com/etshost/msu/entity/ReviewProperty_Roo_JavaBean.aj
/home/acm/FlintEatsServer/src/main/java/com/etshost/msu/entity/Policy_Roo_Finder.aj
/home/acm/FlintEatsServer/src/main/java/com/etshost/msu/entity/Preference_Roo_JavaBean.aj
/home/acm/FlintEatsServer/src/main/java/com/etshost/msu/entity/Deal_Roo_Finder.aj
/home/acm/FlintEatsServer/src/main/java/com/etshost/msu/web/PreferenceServerController.java
/home/acm/FlintEatsServer/src/main/java/com/etshost/msu/entity/Deal_Roo_Jpa_ActiveRecord.aj
/home/acm/FlintEatsServer/src/main/java/com/etshost/msu/entity/AuthenticationRecord_Roo_Json.aj
/home/acm/FlintEatsServer/src/main/java/com/etshost/msu/entity/Reaction_Roo_JavaBean.aj
/home/acm/FlintEatsServer/src/main/java/com/etshost/msu/web/DealController.java
/home/acm/FlintEatsServer/src/main/java/com/etshost/msu/entity/Review_Roo_Finder.aj
/home/acm/FlintEatsServer/src/main/java/com/etshost/msu/entity/UGC_Roo_Json.aj
/home/acm/FlintEatsServer/src/main/java/com/etshost/msu/entity/Role_Roo_Jpa_ActiveRecord.aj
/home/acm/FlintEatsServer/src/main/java/com/etshost/msu/entity/Viewing_Roo_JavaBean.aj
/home/acm/FlintEatsServer/src/main/java/com/etshost/msu/entity/Tip_Roo_JavaBean.aj
/home/acm/FlintEatsServer/src/main/java/com/etshost/msu/entity/Market_Roo_ToString.aj
/home/acm/FlintEatsServer/src/main/java/com/etshost/msu/entity/FoodProperty_Roo_Json.aj
/home/acm/FlintEatsServer/src/main/java/com/etshost/msu/entity/Reaction_Roo_Jpa_Entity.aj
/home/acm/FlintEatsServer/src/main/java/com/etshost/msu/entity/ReviewProperty_Roo_Jpa_ActiveRecord.aj
/home/acm/FlintEatsServer/src/main/java/com/etshost/msu/entity/Preference_Roo_Json.aj
/home/acm/FlintEatsServer/src/main/java/com/etshost/msu/entity/Review_Roo_JavaBean.aj
/home/acm/FlintEatsServer/src/main/java/com/etshost/msu/entity/Market_Roo_Jpa_ActiveRecord.aj
/home/acm/FlintEatsServer/src/main/java/com/etshost/msu/web/RoleController.java
/home/acm/FlintEatsServer/src/main/java/com/etshost/msu/web/CommentController.java
/home/acm/FlintEatsServer/src/main/java/com/etshost/msu/entity/Viewing_Roo_Jpa_ActiveRecord.aj
/home/acm/FlintEatsServer/src/main/java/com/etshost/msu/entity/User_Roo_Json.aj
/home/acm/FlintEatsServer/src/main/java/com/etshost/msu/entity/Deal.java
/home/acm/FlintEatsServer/src/main/java/com/etshost/msu/web/UserController.java
/home/acm/FlintEatsServer/src/main/java/com/etshost/msu/entity/Comment_Roo_JavaBean.aj
/home/acm/FlintEatsServer/src/main/java/com/etshost/msu/bean/AuthSuccessListener.java
/home/acm/FlintEatsServer/src/main/java/com/etshost/msu/entity/Tag_Roo_Finder.aj
/home/acm/FlintEatsServer/src/main/java/com/etshost/msu/entity/Policy_Roo_Jpa_ActiveRecord.aj
/home/acm/FlintEatsServer/src/main/java/com/etshost/msu/entity/UGC_Roo_ToString.aj
/home/acm/FlintEatsServer/src/main/java/com/etshost/msu/entity/FoodProperty_Roo_ToString.aj
/home/acm/FlintEatsServer/src/main/java/com/etshost/msu/entity/Tag_Roo_Json.aj
/home/acm/FlintEatsServer/src/main/java/com/etshost/msu/entity/Viewing_Roo_Json.aj
/home/acm/FlintEatsServer/src/main/java/com/etshost/msu/entity/Tip_Roo_Jpa_ActiveRecord.aj
/home/acm/FlintEatsServer/src/main/java/com/etshost/msu/entity/AuthenticationRecord_Roo_Finder.aj
/home/acm/FlintEatsServer/src/main/java/com/etshost/msu/entity/Tip_Roo_Json.aj
/home/acm/FlintEatsServer/src/main/java/com/etshost/msu/web/ReviewController.java
/home/acm/FlintEatsServer/src/main/java/com/etshost/msu/entity/Deal_Roo_ToString.aj
/home/acm/FlintEatsServer/src/main/java/com/etshost/msu/entity/Market_Roo_Json.aj
